2026-06-26T11:09:16	c9c8254f-13c1-4525-9875-af8bf434fc26	/new-page.html	GET

2026-06-26T11:09:16	f37b099c-0b4b-4561-94c0-9bf2f643fed3	/.well-known/appspecific/com.chrome.devtools.json	GET

2026-06-26T11:09:16	4e9774a6-f6f0-412f-96e5-d78c8ea6e695	/css/style.css	GET

2026-06-26T11:09:16	b717d6fb-b080-4988-8624-bb5947b5ce03	/img/img1.jpg	GET

2026-06-26T11:09:28	c5b67801-94bf-48d3-908c-e32a274ee71a	/new-page	GET

2026-06-26T11:09:28	aca427c4-4dfd-4c8b-a957-893a31b1935a	/.well-known/appspecific/com.chrome.devtools.json	GET

2026-06-26T11:09:28	087a065d-61cd-4b84-84fb-2fbf3a5c58d0	/css/style.css	GET

2026-06-26T11:09:28	85fe9784-a032-474e-9a5b-f6dd74dc00bd	/img/img1.jpg	GET

2026-06-26T11:09:37	97a16ed0-5c1a-4925-a7cb-6b7967df40c8	/new-pages	GET

2026-06-26T11:09:37	51c2361e-5252-4036-a4ee-c4d4b5c0e189	/css/style.css	GET

2026-06-26T11:09:37	58534f16-9ef6-466f-9c3a-bb09ac87c3e6	/.well-known/appspecific/com.chrome.devtools.json	GET

2026-06-26T11:09:57	bbbd57f1-ad6f-4620-bdf8-eb1a2ed76d46	/new-page.html	GET

2026-06-26T11:09:58	912cee4f-528a-440d-b1ac-13b5aec17f3e	/css/style.css	GET

2026-06-26T11:09:58	274194db-3675-495f-a5a0-7a992748e56f	/img/img1.jpg	GET

2026-06-26T11:09:58	2a22fe88-0aa6-4dd3-8e07-3cfed5c1e255	/.well-known/appspecific/com.chrome.devtools.json	GET

2026-06-26T11:11:43	e517133e-ffd6-4045-8cb6-b2fdbe8710f5	/	GET

2026-06-26T11:11:43	43f683b9-2704-4f3a-ba48-0479cd25dd0f	/.well-known/appspecific/com.chrome.devtools.json	GET

2026-06-26T11:11:43	e7e8c518-d66e-4abd-afbf-0f8c334881b7	/css/style.css	GET

2026-06-26T11:14:33	4510a0b5-4ef8-440c-8593-9e3e09059280	/	GET

2026-06-29T09:49:22	5a16c876-54be-46d8-9aec-f5478bbf454f	GET	/	undefined

2026-06-29T09:49:22	d0884ced-0b4f-4a8f-9e49-e0f6b663f24d	GET	/css/style.css	undefined

2026-06-29T10:16:57	c5911018-2c17-4486-9ddd-cae934dad3ec	GET	/	undefined

2026-06-29T10:16:57	e59865c7-ae46-4862-9043-e7a8eef886db	GET	/css/style.css	undefined

2026-06-29T10:21:09	43af6a6e-42d4-4780-9df6-f7519378ac16	GET	/	https://www.google.com

2026-06-29T10:24:02	912bd30f-1e0c-47e7-bdf2-0e55f5d360e9	GET	/	https://www.google.com

2026-06-29T10:27:34	6e98d9f8-2626-4624-84f6-161672eb49c8	GET	/	https://www.google.com

